Build started at 2023-11-07T22:59:44.996974
Main binary: /usr/bin/python3
Build Options: -Dbackend=ninja
Python system: Linux
The Meson build system
Version: 0.61.2
Source dir: /home/krxk/fuse-3.16.2
Build dir: /home/krxk/fuse-3.16.2/build
Build type: native build
Project name: libfuse3
Project version: 3.16.2
C compiler for the host machine: cc (gcc 11.4.0 "cc (Ubuntu 11.4.0-1ubuntu1~22.04) 11.4.0")
C linker for the host machine: cc ld.bfd 2.38
C compiler for the build machine: cc (gcc 11.4.0 "cc (Ubuntu 11.4.0-1ubuntu1~22.04) 11.4.0")
C linker for the build machine: cc ld.bfd 2.38
Build machine cpu family: x86_64
Build machine cpu: x86_64
Host machine cpu family: x86_64
Host machine cpu: x86_64
Target machine cpu family: x86_64
Target machine cpu: x86_64
Using cached compile:
Cached command line:   

Code:
 
#include <stdio.h>
#include <stdlib.h>
#include <stddef.h>
#include <unistd.h>
#include <sys/types.h>
#include <sys/stat.h>
#include <fcntl.h>

#include <limits.h>

        #if defined __stub_fork || defined __stub___fork
        fail fail fail this function is not going to work
        #endif
        
int main(void) {
            void *a = (void*) &fork;
            long long b = (long long) a;
            return (int) b;
        }
Cached compiler stdout:
 
Cached compiler stderr:
 
Checking for function "fork" : YES (cached)
Using cached compile:
Cached command line:   

Code:
 
#include <stdio.h>
#include <stdlib.h>
#include <stddef.h>
#include <unistd.h>
#include <sys/types.h>
#include <sys/stat.h>
#include <fcntl.h>

#include <limits.h>

        #if defined __stub_fstatat || defined __stub___fstatat
        fail fail fail this function is not going to work
        #endif
        
int main(void) {
            void *a = (void*) &fstatat;
            long long b = (long long) a;
            return (int) b;
        }
Cached compiler stdout:
 
Cached compiler stderr:
 
Checking for function "fstatat" : YES (cached)
Using cached compile:
Cached command line:   

Code:
 
#include <stdio.h>
#include <stdlib.h>
#include <stddef.h>
#include <unistd.h>
#include <sys/types.h>
#include <sys/stat.h>
#include <fcntl.h>

#include <limits.h>

        #if defined __stub_openat || defined __stub___openat
        fail fail fail this function is not going to work
        #endif
        
int main(void) {
            void *a = (void*) &openat;
            long long b = (long long) a;
            return (int) b;
        }
Cached compiler stdout:
 
Cached compiler stderr:
 
Checking for function "openat" : YES (cached)
Using cached compile:
Cached command line:   

Code:
 
#include <stdio.h>
#include <stdlib.h>
#include <stddef.h>
#include <unistd.h>
#include <sys/types.h>
#include <sys/stat.h>
#include <fcntl.h>

#include <limits.h>

        #if defined __stub_readlinkat || defined __stub___readlinkat
        fail fail fail this function is not going to work
        #endif
        
int main(void) {
            void *a = (void*) &readlinkat;
            long long b = (long long) a;
            return (int) b;
        }
Cached compiler stdout:
 
Cached compiler stderr:
 
Checking for function "readlinkat" : YES (cached)
Using cached compile:
Cached command line:   

Code:
 
#include <stdio.h>
#include <stdlib.h>
#include <stddef.h>
#include <unistd.h>
#include <sys/types.h>
#include <sys/stat.h>
#include <fcntl.h>

#include <limits.h>

        #if defined __stub_pipe2 || defined __stub___pipe2
        fail fail fail this function is not going to work
        #endif
        
int main(void) {
            void *a = (void*) &pipe2;
            long long b = (long long) a;
            return (int) b;
        }
Cached compiler stdout:
 
Cached compiler stderr:
 
Checking for function "pipe2" : YES (cached)
Using cached compile:
Cached command line:   

Code:
 
#include <stdio.h>
#include <stdlib.h>
#include <stddef.h>
#include <unistd.h>
#include <sys/types.h>
#include <sys/stat.h>
#include <fcntl.h>

#include <limits.h>

        #if defined __stub_splice || defined __stub___splice
        fail fail fail this function is not going to work
        #endif
        
int main(void) {
            void *a = (void*) &splice;
            long long b = (long long) a;
            return (int) b;
        }
Cached compiler stdout:
 
Cached compiler stderr:
 
Checking for function "splice" : YES (cached)
Using cached compile:
Cached command line:   

Code:
 
#include <stdio.h>
#include <stdlib.h>
#include <stddef.h>
#include <unistd.h>
#include <sys/types.h>
#include <sys/stat.h>
#include <fcntl.h>

#include <limits.h>

        #if defined __stub_vmsplice || defined __stub___vmsplice
        fail fail fail this function is not going to work
        #endif
        
int main(void) {
            void *a = (void*) &vmsplice;
            long long b = (long long) a;
            return (int) b;
        }
Cached compiler stdout:
 
Cached compiler stderr:
 
Checking for function "vmsplice" : YES (cached)
Using cached compile:
Cached command line:   

Code:
 
#include <stdio.h>
#include <stdlib.h>
#include <stddef.h>
#include <unistd.h>
#include <sys/types.h>
#include <sys/stat.h>
#include <fcntl.h>

#include <limits.h>

        #if defined __stub_posix_fallocate || defined __stub___posix_fallocate
        fail fail fail this function is not going to work
        #endif
        
int main(void) {
            void *a = (void*) &posix_fallocate;
            long long b = (long long) a;
            return (int) b;
        }
Cached compiler stdout:
 
Cached compiler stderr:
 
Checking for function "posix_fallocate" : YES (cached)
Using cached compile:
Cached command line:   

Code:
 
#include <stdio.h>
#include <stdlib.h>
#include <stddef.h>
#include <unistd.h>
#include <sys/types.h>
#include <sys/stat.h>
#include <fcntl.h>

#include <limits.h>

        #if defined __stub_fdatasync || defined __stub___fdatasync
        fail fail fail this function is not going to work
        #endif
        
int main(void) {
            void *a = (void*) &fdatasync;
            long long b = (long long) a;
            return (int) b;
        }
Cached compiler stdout:
 
Cached compiler stderr:
 
Checking for function "fdatasync" : YES (cached)
Using cached compile:
Cached command line:   

Code:
 
#include <stdio.h>
#include <stdlib.h>
#include <stddef.h>
#include <unistd.h>
#include <sys/types.h>
#include <sys/stat.h>
#include <fcntl.h>

#include <limits.h>

        #if defined __stub_utimensat || defined __stub___utimensat
        fail fail fail this function is not going to work
        #endif
        
int main(void) {
            void *a = (void*) &utimensat;
            long long b = (long long) a;
            return (int) b;
        }
Cached compiler stdout:
 
Cached compiler stderr:
 
Checking for function "utimensat" : YES (cached)
Using cached compile:
Cached command line:   

Code:
 
#include <stdio.h>
#include <stdlib.h>
#include <stddef.h>
#include <unistd.h>
#include <sys/types.h>
#include <sys/stat.h>
#include <fcntl.h>

#include <limits.h>

        #if defined __stub_copy_file_range || defined __stub___copy_file_range
        fail fail fail this function is not going to work
        #endif
        
int main(void) {
            void *a = (void*) &copy_file_range;
            long long b = (long long) a;
            return (int) b;
        }
Cached compiler stdout:
 
Cached compiler stderr:
 
Checking for function "copy_file_range" : YES (cached)
Using cached compile:
Cached command line:   

Code:
 
#include <stdio.h>
#include <stdlib.h>
#include <stddef.h>
#include <unistd.h>
#include <sys/types.h>
#include <sys/stat.h>
#include <fcntl.h>

#include <limits.h>

        #if defined __stub_fallocate || defined __stub___fallocate
        fail fail fail this function is not going to work
        #endif
        
int main(void) {
            void *a = (void*) &fallocate;
            long long b = (long long) a;
            return (int) b;
        }
Cached compiler stdout:
 
Cached compiler stderr:
 
Checking for function "fallocate" : YES (cached)
Using cached compile:
Cached command line:   

Code:
 #include <sys/xattr.h>
#include <limits.h>

        #if defined __stub_setxattr || defined __stub___setxattr
        fail fail fail this function is not going to work
        #endif
        
int main(void) {
            void *a = (void*) &setxattr;
            long long b = (long long) a;
            return (int) b;
        }
Cached compiler stdout:
 
Cached compiler stderr:
 
Checking for function "setxattr" : YES (cached)
Using cached compile:
Cached command line:   

Code:
 #include <iconv.h>
#include <limits.h>

        #if defined __stub_iconv || defined __stub___iconv
        fail fail fail this function is not going to work
        #endif
        
int main(void) {
            void *a = (void*) &iconv;
            long long b = (long long) a;
            return (int) b;
        }
Cached compiler stdout:
 
Cached compiler stderr:
 
Checking for function "iconv" : YES (cached)
Using cached compile:
Cached command line:   

Code:
 
#include <stdio.h>
#include <stdlib.h>
#include <stddef.h>
#include <unistd.h>
#include <sys/types.h>
#include <sys/stat.h>
#include <fcntl.h>

        void bar(void) {
            struct stat foo;
            foo.st_atim;

        }
Cached compiler stdout:
 
Cached compiler stderr:
 
Checking whether type "struct stat" has member "st_atim" : YES (cached)
Using cached compile:
Cached command line:   

Code:
 
#include <stdio.h>
#include <stdlib.h>
#include <stddef.h>
#include <unistd.h>
#include <sys/types.h>
#include <sys/stat.h>
#include <fcntl.h>

        void bar(void) {
            struct stat foo;
            foo.st_atimespec;

        }
Cached compiler stdout:
 
Cached compiler stderr:
 /home/krxk/fuse-3.16.2/build/meson-private/tmp_pi8b1pj/testfile.c: In function 'bar':
/home/krxk/fuse-3.16.2/build/meson-private/tmp_pi8b1pj/testfile.c:12:16: error: 'struct stat' has no member named 'st_atimespec'
   12 |             foo.st_atimespec;
      |                ^

Checking whether type "struct stat" has member "st_atimespec" : NO (cached)
Using cached compile:
Cached command line:   

Code:
 
__attribute__((warn_unused_result)) int get_4() {
    return 4;
}
int main(void) {
    (void) get_4();
    return 0;
}
Cached compiler stdout:
 
Cached compiler stderr:
 /home/krxk/fuse-3.16.2/build/meson-private/tmph7gr25le/testfile.c: In function 'main':
/home/krxk/fuse-3.16.2/build/meson-private/tmph7gr25le/testfile.c:6:12: error: ignoring return value of 'get_4' declared with attribute 'warn_unused_result' [-Werror=unused-result]
    6 |     (void) get_4();
      |            ^~~~~~~
cc1: some warnings being treated as errors

Message: Compiler warns about unused result even when casting to void
Using cached compile:
Cached command line:   

Code:
 
int main(void) {
#if (defined(__UCLIBC__) || defined(__APPLE__))
#error /* libc does not have versioned symbols */
#endif
    return 0;
}
Cached compiler stdout:
 
Cached compiler stderr:
 
Message: Enabling versioned libc symbols
Using cached compile:
Cached command line:   

Code:
 
     __attribute__ ((symver ("test@TEST")))
     void foo(void) {
     }

     int main(void) {
         return 0;
     }
Cached compiler stdout:
 
Cached compiler stderr:
 
Message: Compiler supports symver attribute
Running compile:
Working directory:  /home/krxk/fuse-3.16.2/build/meson-private/tmpc8zc5_l5
Command line:  cc /home/krxk/fuse-3.16.2/build/meson-private/tmpc8zc5_l5/testfile.c -o /home/krxk/fuse-3.16.2/build/meson-private/tmpc8zc5_l5/output.exe -D_FILE_OFFSET_BITS=64 -O0 

Code:
 
#define _GNU_SOURCE
#include <mntent.h>
#include <stdio.h>
#include <string.h>
#include <stdlib.h>

#define dir_space_tab "dir\\040space\\011tab"

int main()
{
    const char *fake_mtab = "name " dir_space_tab " type opts 0 0\n";
    FILE *f = fmemopen((void *)fake_mtab, strlen(fake_mtab) + 1, "r");
    struct mntent *entp = getmntent(f);
    fclose(f);
    if(NULL == entp)
        exit(EXIT_FAILURE);
    if (0 == strcmp(entp->mnt_dir, dir_space_tab))
        printf("needs escaping\n");
    else
        printf("no need to escape\n");
}

Compiler stdout:
 
Compiler stderr:
 
Program stdout:

no need to escape

Program stderr:


Configuring fuse_config.h using configuration
Configuring libfuse_config.h using configuration
Dependency threads found: YES unknown (cached)
Running compile:
Working directory:  /home/krxk/fuse-3.16.2/build/meson-private/tmpt4do07ky
Command line:  cc /home/krxk/fuse-3.16.2/build/meson-private/tmpt4do07ky/testfile.c -o /home/krxk/fuse-3.16.2/build/meson-private/tmpt4do07ky/output.exe -D_FILE_OFFSET_BITS=64 -O0 -Wl,--start-group -liconv -Wl,--end-group -Wl,--allow-shlib-undefined 

Code:
 int main(void) { return 0; }

Compiler stdout:
 
Compiler stderr:
 /usr/bin/ld: cannot find -liconv: No such file or directory
collect2: error: ld returned 1 exit status

Running compile:
Working directory:  /home/krxk/fuse-3.16.2/build/meson-private/tmpa2p5t5s4
Command line:  cc /home/krxk/fuse-3.16.2/build/meson-private/tmpa2p5t5s4/testfile.c -o /home/krxk/fuse-3.16.2/build/meson-private/tmpa2p5t5s4/output.exe -D_FILE_OFFSET_BITS=64 -O0 

Code:
 #include<stdio.h>
        
        int main(void) {
            printf("%ld\n", (long)(sizeof(void *)));
            return 0;
        }
Compiler stdout:
 
Compiler stderr:
 
Program stdout:

8

Program stderr:


Running compile:
Working directory:  /home/krxk/fuse-3.16.2/build/meson-private/tmp21n41z3s
Command line:  cc /home/krxk/fuse-3.16.2/build/meson-private/tmp21n41z3s/testfile.c -o /home/krxk/fuse-3.16.2/build/meson-private/tmp21n41z3s/output.obj -c -D_FILE_OFFSET_BITS=64 -O0 --print-search-dirs 

Code:
 
Compiler stdout:
 install: /usr/lib/gcc/x86_64-linux-gnu/11/
programs: =/usr/lib/gcc/x86_64-linux-gnu/11/:/usr/lib/gcc/x86_64-linux-gnu/11/:/usr/lib/gcc/x86_64-linux-gnu/:/usr/lib/gcc/x86_64-linux-gnu/11/:/usr/lib/gcc/x86_64-linux-gnu/:/usr/lib/gcc/x86_64-linux-gnu/11/../../../../x86_64-linux-gnu/bin/x86_64-linux-gnu/11/:/usr/lib/gcc/x86_64-linux-gnu/11/../../../../x86_64-linux-gnu/bin/x86_64-linux-gnu/:/usr/lib/gcc/x86_64-linux-gnu/11/../../../../x86_64-linux-gnu/bin/
libraries: =/usr/lib/gcc/x86_64-linux-gnu/11/:/usr/lib/gcc/x86_64-linux-gnu/11/../../../../x86_64-linux-gnu/lib/x86_64-linux-gnu/11/:/usr/lib/gcc/x86_64-linux-gnu/11/../../../../x86_64-linux-gnu/lib/x86_64-linux-gnu/:/usr/lib/gcc/x86_64-linux-gnu/11/../../../../x86_64-linux-gnu/lib/../lib/:/usr/lib/gcc/x86_64-linux-gnu/11/../../../x86_64-linux-gnu/11/:/usr/lib/gcc/x86_64-linux-gnu/11/../../../x86_64-linux-gnu/:/usr/lib/gcc/x86_64-linux-gnu/11/../../../../lib/:/lib/x86_64-linux-gnu/11/:/lib/x86_64-linux-gnu/:/lib/../lib/:/usr/lib/x86_64-linux-gnu/11/:/usr/lib/x86_64-linux-gnu/:/usr/lib/../lib/:/usr/lib/gcc/x86_64-linux-gnu/11/../../../../x86_64-linux-gnu/lib/:/usr/lib/gcc/x86_64-linux-gnu/11/../../../:/lib/:/usr/lib/

Compiler stderr:
 
Library iconv found: NO
Running compile:
Working directory:  /home/krxk/fuse-3.16.2/build/meson-private/tmpc_riex8p
Command line:  cc /home/krxk/fuse-3.16.2/build/meson-private/tmpc_riex8p/testfile.c -o /home/krxk/fuse-3.16.2/build/meson-private/tmpc_riex8p/output.exe -D_FILE_OFFSET_BITS=64 -O0 -Wl,--start-group -ldl -Wl,--end-group -Wl,--allow-shlib-undefined 

Code:
 int main(void) { return 0; }

Compiler stdout:
 
Compiler stderr:
 
Library dl found: YES
Running compile:
Working directory:  /home/krxk/fuse-3.16.2/build/meson-private/tmpxym82850
Command line:  cc /home/krxk/fuse-3.16.2/build/meson-private/tmpxym82850/testfile.c -o /home/krxk/fuse-3.16.2/build/meson-private/tmpxym82850/output.exe -D_FILE_OFFSET_BITS=64 -O0 -Wl,--start-group -lrt -Wl,--end-group -Wl,--allow-shlib-undefined 

Code:
 int main(void) { return 0; }

Compiler stdout:
 
Compiler stderr:
 
Library rt found: YES
Dependency udev found: YES 249 (cached)
env[PKG_CONFIG_PATH]: 
Called `/usr/bin/pkg-config --variable=udevdir udev` -> 0
/lib/udev
Got pkgconfig variable udevdir : /lib/udev
C++ compiler for the build machine: c++ (gcc 11.4.0 "c++ (Ubuntu 11.4.0-1ubuntu1~22.04) 11.4.0")
C++ linker for the build machine: c++ ld.bfd 2.38
C++ compiler for the host machine: c++ (gcc 11.4.0 "c++ (Ubuntu 11.4.0-1ubuntu1~22.04) 11.4.0")
C++ linker for the host machine: c++ ld.bfd 2.38
Adding test "wrong_command"
Build targets in project: 31

libfuse3 3.16.2

  User defined options
    backend: ninja

Found ninja-1.10.1 at /usr/bin/ninja
Running compile:
Working directory:  /tmp/tmptsz0n4gg
Command line:  c++ /tmp/tmptsz0n4gg/testfile.cpp -o /tmp/tmptsz0n4gg/output.obj -D_FILE_OFFSET_BITS=64 -c -std=c++11 

Code:
 int i = static_cast<int>(0);
Compiler stdout:
 
Compiler stderr:
 
Compiler accepts -std=c++11: YES
Running compile:
Working directory:  /home/krxk/fuse-3.16.2/build/meson-private/tmp6qzoiw7r
Command line:  c++ /home/krxk/fuse-3.16.2/build/meson-private/tmp6qzoiw7r/testfile.cpp -o /home/krxk/fuse-3.16.2/build/meson-private/tmp6qzoiw7r/output.obj -c -D_FILE_OFFSET_BITS=64 -O0 -fpermissive --print-search-dirs 

Code:
 
Compiler stdout:
 install: /usr/lib/gcc/x86_64-linux-gnu/11/
programs: =/usr/lib/gcc/x86_64-linux-gnu/11/:/usr/lib/gcc/x86_64-linux-gnu/11/:/usr/lib/gcc/x86_64-linux-gnu/:/usr/lib/gcc/x86_64-linux-gnu/11/:/usr/lib/gcc/x86_64-linux-gnu/:/usr/lib/gcc/x86_64-linux-gnu/11/../../../../x86_64-linux-gnu/bin/x86_64-linux-gnu/11/:/usr/lib/gcc/x86_64-linux-gnu/11/../../../../x86_64-linux-gnu/bin/x86_64-linux-gnu/:/usr/lib/gcc/x86_64-linux-gnu/11/../../../../x86_64-linux-gnu/bin/
libraries: =/usr/lib/gcc/x86_64-linux-gnu/11/:/usr/lib/gcc/x86_64-linux-gnu/11/../../../../x86_64-linux-gnu/lib/x86_64-linux-gnu/11/:/usr/lib/gcc/x86_64-linux-gnu/11/../../../../x86_64-linux-gnu/lib/x86_64-linux-gnu/:/usr/lib/gcc/x86_64-linux-gnu/11/../../../../x86_64-linux-gnu/lib/../lib/:/usr/lib/gcc/x86_64-linux-gnu/11/../../../x86_64-linux-gnu/11/:/usr/lib/gcc/x86_64-linux-gnu/11/../../../x86_64-linux-gnu/:/usr/lib/gcc/x86_64-linux-gnu/11/../../../../lib/:/lib/x86_64-linux-gnu/11/:/lib/x86_64-linux-gnu/:/lib/../lib/:/usr/lib/x86_64-linux-gnu/11/:/usr/lib/x86_64-linux-gnu/:/usr/lib/../lib/:/usr/lib/gcc/x86_64-linux-gnu/11/../../../../x86_64-linux-gnu/lib/:/usr/lib/gcc/x86_64-linux-gnu/11/../../../:/lib/:/usr/lib/

Compiler stderr:
 
